<?xml version="1.0" encoding="UTF-8"?>
<testsuite xmlns:xsi="http://www.w3.org/2001/XMLSchema-instance" xsi:noNamespaceSchemaLocation="https://maven.apache.org/surefire/maven-surefire-plugin/xsd/surefire-test-report-3.0.xsd" version="3.0" name="com.demoWar.DockerDemoWar01ApplicationTests" time="2.599" tests="1" errors="0" skipped="0" failures="0">
  <properties>
[...]
</properties>
  <testcase name="contextLoads" classname="com.demoWar.DockerDemoWar01ApplicationTests" time="0.908">
    <system-out><![CDATA[14:42:46.807 [main] INFO org.springframework.test.context.support.AnnotationConfigContextLoaderUtils -- Could not detect default configuration classes for test class [com.demoWar.DockerDemoWar01ApplicationTests]: DockerDemoWar01ApplicationTests does not declare any static, non-private, non-final, nested classes annotated with @Configuration.
14:42:46.911 [main] INFO org.springframework.boot.test.context.SpringBootTestContextBootstrapper -- Found @SpringBootConfiguration com.demoWar.DockerDemoWar01Application for test class com.demoWar.DockerDemoWar01ApplicationTests
14:42:47.052 [main] INFO org.springframework.boot.devtools.restart.RestartApplicationListener -- Restart disabled due to context in which it is running

  .   ____          _            __ _ _
 /\\ / ___'_ __ _ _(_)_ __  __ _ \ \ \ \
( ( )\___ | '_ | '_| | '_ \/ _` | \ \ \ \
 \\/  ___)| |_)| | | | | || (_| |  ) ) ) )
  '  |____| .__|_| |_|_| |_\__, | / / / /
 =========|_|==============|___/=/_/_/_/
 :: Spring Boot ::                (v3.1.5)

2023-11-02T14:42:47.299+05:30  INFO 30348 --- [           main] c.d.DockerDemoWar01ApplicationTests      : Starting DockerDemoWar01ApplicationTests using Java 17.0.6 with PID 30348 (started by HP in D:\VickyApps\Workspaces\Spring_Tool_Suit_Workspace\AnarghyaCommunications\Docker_demo_war_01)
2023-11-02T14:42:47.300+05:30  INFO 30348 --- [           main] c.d.DockerDemoWar01ApplicationTests      : No active profile set, falling back to 1 default profile: "default"
2023-11-02T14:42:48.204+05:30  INFO 30348 --- [           main] o.s.b.a.w.s.WelcomePageHandlerMapping    : Adding welcome page: class path resource [static/index.html]
2023-11-02T14:42:48.341+05:30  INFO 30348 --- [           main] c.d.DockerDemoWar01ApplicationTests      : Started DockerDemoWar01ApplicationTests in 1.301 seconds (process running for 2.21)
]]></system-out>
  </testcase>
</testsuite>